<?xml version="1.0" encoding="UTF-8"?>
<testsuite xmlns:xsi="http://www.w3.org/2001/XMLSchema-instance" xsi:noNamespaceSchemaLocation="https://maven.apache.org/surefire/maven-surefire-plugin/xsd/surefire-test-report.xsd" version="3.0.2" name="com.trading.migration.FlywayMigrationIntegrationTest" time="1.785" tests="1" errors="0" skipped="0" failures="0">
  <properties>
[...]
</properties>
  <testcase name="migrationsCleanApplyFromScratch" classname="com.trading.migration.FlywayMigrationIntegrationTest" time="1.767">
    <system-out><![CDATA[14:13:49.053 [main] INFO io.zonky.test.db.postgres.embedded.EmbeddedPostgres -- Detected a Linux x86_64 system
14:13:49.071 [main] INFO io.zonky.test.db.postgres.embedded.DefaultPostgresBinaryResolver -- Detected distribution: 'Fedora'
14:13:49.072 [main] INFO io.zonky.test.db.postgres.embedded.DefaultPostgresBinaryResolver -- System specific postgres binaries found: 'postgres-linux-x86_64.txz'
14:13:49.120 [main] INFO io.zonky.test.db.postgres.embedded.EmbeddedPostgres -- Postgres binaries at /tmp/embedded-pg/PG-2206b1b51bb334f8406866c46fe158b3
14:13:49.131 [initdb:pid(513638)] INFO io.zonky.test.db.postgres.embedded.EmbeddedPostgres -- The files belonging to this database system will be owned by user "dstefan".
14:13:49.131 [initdb:pid(513638)] INFO io.zonky.test.db.postgres.embedded.EmbeddedPostgres -- This user must also own the server process.
14:13:49.131 [initdb:pid(513638)] INFO io.zonky.test.db.postgres.embedded.EmbeddedPostgres -- 
14:13:49.131 [initdb:pid(513638)] INFO io.zonky.test.db.postgres.embedded.EmbeddedPostgres -- The database cluster will be initialized with locale "C.UTF-8".
14:13:49.131 [initdb:pid(513638)] INFO io.zonky.test.db.postgres.embedded.EmbeddedPostgres -- The default text search configuration will be set to "english".
14:13:49.131 [initdb:pid(513638)] INFO io.zonky.test.db.postgres.embedded.EmbeddedPostgres -- 
14:13:49.131 [initdb:pid(513638)] INFO io.zonky.test.db.postgres.embedded.EmbeddedPostgres -- Data page checksums are disabled.
14:13:49.131 [initdb:pid(513638)] INFO io.zonky.test.db.postgres.embedded.EmbeddedPostgres -- 
14:13:49.131 [initdb:pid(513638)] INFO io.zonky.test.db.postgres.embedded.EmbeddedPostgres -- fixing permissions on existing directory /tmp/epg7357567302808997654 ... ok
14:13:49.131 [initdb:pid(513638)] INFO io.zonky.test.db.postgres.embedded.EmbeddedPostgres -- creating subdirectories ... ok
14:13:49.131 [initdb:pid(513638)] INFO io.zonky.test.db.postgres.embedded.EmbeddedPostgres -- selecting dynamic shared memory implementation ... posix
14:13:49.142 [initdb:pid(513638)] INFO io.zonky.test.db.postgres.embedded.EmbeddedPostgres -- selecting default max_connections ... 100
14:13:49.160 [initdb:pid(513638)] INFO io.zonky.test.db.postgres.embedded.EmbeddedPostgres -- selecting default shared_buffers ... 128MB
14:13:49.174 [initdb:pid(513638)] INFO io.zonky.test.db.postgres.embedded.EmbeddedPostgres -- selecting default time zone ... Europe/Bucharest
14:13:49.175 [initdb:pid(513638)] INFO io.zonky.test.db.postgres.embedded.EmbeddedPostgres -- creating configuration files ... ok
14:13:49.300 [initdb:pid(513638)] INFO io.zonky.test.db.postgres.embedded.EmbeddedPostgres -- running bootstrap script ... ok
14:13:49.716 [initdb:pid(513638)] INFO io.zonky.test.db.postgres.embedded.EmbeddedPostgres -- performing post-bootstrap initialization ... ok
14:13:49.726 [initdb:pid(513638)] INFO io.zonky.test.db.postgres.embedded.EmbeddedPostgres -- syncing data to disk ... ok
14:13:49.726 [initdb:pid(513638)] INFO io.zonky.test.db.postgres.embedded.EmbeddedPostgres -- 
14:13:49.726 [initdb:pid(513638)] INFO io.zonky.test.db.postgres.embedded.EmbeddedPostgres -- Success. You can now start the database server using:
14:13:49.726 [initdb:pid(513638)] INFO io.zonky.test.db.postgres.embedded.EmbeddedPostgres -- 
14:13:49.726 [initdb:pid(513638)] INFO io.zonky.test.db.postgres.embedded.EmbeddedPostgres --     /tmp/embedded-pg/PG-2206b1b51bb334f8406866c46fe158b3/bin/pg_ctl -D /tmp/epg7357567302808997654 -l logfile start
14:13:49.726 [initdb:pid(513638)] INFO io.zonky.test.db.postgres.embedded.EmbeddedPostgres -- 
14:13:49.726 [main] INFO io.zonky.test.db.postgres.embedded.EmbeddedPostgres -- f95ed62e-0595-4d48-a058-8f4871e3c83c initdb completed in 00:00:00.606
14:13:49.732 [main] INFO io.zonky.test.db.postgres.embedded.EmbeddedPostgres -- f95ed62e-0595-4d48-a058-8f4871e3c83c postmaster started as Process[pid=513666, exitValue="not exited"] on port 42499.  Waiting up to PT10S for server startup to finish.
14:13:49.757 [postgres:pid(513666)] INFO io.zonky.test.db.postgres.embedded.EmbeddedPostgres -- waiting for server to start....2026-02-13 14:13:49.757 EET [513669] LOG:  starting PostgreSQL 14.15 on x86_64-pc-linux-gnu, compiled by gcc (Ubuntu 7.5.0-3ubuntu1~18.04) 7.5.0, 64-bit
14:13:49.758 [postgres:pid(513666)] INFO io.zonky.test.db.postgres.embedded.EmbeddedPostgres -- 2026-02-13 14:13:49.758 EET [513669] LOG:  listening on IPv6 address "::1", port 42499
14:13:49.758 [postgres:pid(513666)] INFO io.zonky.test.db.postgres.embedded.EmbeddedPostgres -- 2026-02-13 14:13:49.758 EET [513669] LOG:  listening on IPv4 address "127.0.0.1", port 42499
14:13:49.758 [postgres:pid(513666)] INFO io.zonky.test.db.postgres.embedded.EmbeddedPostgres -- 2026-02-13 14:13:49.758 EET [513669] LOG:  listening on Unix socket "/tmp/.s.PGSQL.42499"
14:13:49.759 [postgres:pid(513666)] INFO io.zonky.test.db.postgres.embedded.EmbeddedPostgres -- 2026-02-13 14:13:49.759 EET [513672] LOG:  database system was shut down at 2026-02-13 14:13:49 EET
14:13:49.762 [postgres:pid(513666)] INFO io.zonky.test.db.postgres.embedded.EmbeddedPostgres -- 2026-02-13 14:13:49.762 EET [513669] LOG:  database system is ready to accept connections
14:13:49.837 [postgres:pid(513666)] INFO io.zonky.test.db.postgres.embedded.EmbeddedPostgres --  done
14:13:49.838 [postgres:pid(513666)] INFO io.zonky.test.db.postgres.embedded.EmbeddedPostgres -- server started
14:13:49.926 [main] INFO io.zonky.test.db.postgres.embedded.EmbeddedPostgres -- f95ed62e-0595-4d48-a058-8f4871e3c83c postmaster startup finished in 00:00:00.196
14:13:50.143 [main] INFO org.flywaydb.core.FlywayExecutor -- Database: jdbc:postgresql://localhost:42499/postgres (PostgreSQL 14.15)
14:13:50.172 [main] INFO org.flywaydb.core.internal.schemahistory.JdbcTableSchemaHistory -- Schema history table "public"."flyway_schema_history" does not exist yet
14:13:50.174 [main] INFO org.flywaydb.core.internal.command.clean.CleanExecutor -- Successfully dropped pre-schema database level objects (execution time 00:00.000s)
14:13:50.187 [main] INFO org.flywaydb.core.internal.command.clean.CleanExecutor -- Successfully cleaned schema "public" (execution time 00:00.012s)
14:13:50.195 [main] INFO org.flywaydb.core.internal.command.clean.CleanExecutor -- Successfully cleaned schema "public" (execution time 00:00.007s)
14:13:50.196 [main] INFO org.flywaydb.core.internal.command.clean.CleanExecutor -- Successfully dropped post-schema database level objects (execution time 00:00.000s)
14:13:50.227 [main] INFO org.flywaydb.core.internal.schemahistory.JdbcTableSchemaHistory -- Schema history table "public"."flyway_schema_history" does not exist yet
14:13:50.230 [main] INFO org.flywaydb.core.internal.command.DbValidate -- Successfully validated 5 migrations (execution time 00:00.011s)
14:13:50.238 [main] INFO org.flywaydb.core.internal.schemahistory.JdbcTableSchemaHistory -- Creating Schema History table "public"."flyway_schema_history" ...
14:13:50.268 [main] INFO org.flywaydb.core.internal.command.DbMigrate -- Current version of schema "public": << Empty Schema >>
14:13:50.287 [main] INFO org.flywaydb.core.internal.command.DbMigrate -- Migrating schema "public" to version "1 - domain schema"
14:13:50.314 [main] INFO org.flywaydb.core.internal.sqlscript.DefaultSqlScriptExecutor -- DB: trigger "trg_reset_price_peak" for relation "transactions" does not exist, skipping
14:13:50.325 [main] INFO org.flywaydb.core.internal.command.DbMigrate -- Migrating schema "public" to version "2 - auth schema"
14:13:50.341 [main] INFO org.flywaydb.core.internal.command.DbMigrate -- Migrating schema "public" to version "3 - multi tenant user fk"
14:13:50.357 [main] INFO org.flywaydb.core.internal.command.DbMigrate -- Migrating schema "public" to version "4 - indexes and constraints"
14:13:50.369 [main] INFO org.flywaydb.core.internal.command.DbMigrate -- Migrating schema "public" to version "5 - seed assets and exchanges"
14:13:50.376 [main] INFO org.flywaydb.core.internal.command.DbMigrate -- Successfully applied 5 migrations to schema "public", now at version v5 (execution time 00:00.054s)
14:13:50.394 [main] INFO org.flywaydb.core.internal.command.clean.CleanExecutor -- Successfully dropped pre-schema database level objects (execution time 00:00.000s)
14:13:50.432 [main] INFO org.flywaydb.core.internal.command.clean.CleanExecutor -- Successfully cleaned schema "public" (execution time 00:00.037s)
14:13:50.439 [main] INFO org.flywaydb.core.internal.command.clean.CleanExecutor -- Successfully cleaned schema "public" (execution time 00:00.006s)
14:13:50.439 [main] INFO org.flywaydb.core.internal.command.clean.CleanExecutor -- Successfully dropped post-schema database level objects (execution time 00:00.000s)
14:13:50.457 [main] INFO org.flywaydb.core.internal.schemahistory.JdbcTableSchemaHistory -- Schema history table "public"."flyway_schema_history" does not exist yet
14:13:50.458 [main] INFO org.flywaydb.core.internal.command.DbValidate -- Successfully validated 5 migrations (execution time 00:00.003s)
14:13:50.463 [main] INFO org.flywaydb.core.internal.schemahistory.JdbcTableSchemaHistory -- Creating Schema History table "public"."flyway_schema_history" ...
14:13:50.474 [main] INFO org.flywaydb.core.internal.command.DbMigrate -- Current version of schema "public": << Empty Schema >>
14:13:50.483 [main] INFO org.flywaydb.core.internal.command.DbMigrate -- Migrating schema "public" to version "1 - domain schema"
14:13:50.508 [main] INFO org.flywaydb.core.internal.sqlscript.DefaultSqlScriptExecutor -- DB: trigger "trg_reset_price_peak" for relation "transactions" does not exist, skipping
14:13:50.517 [main] INFO org.flywaydb.core.internal.command.DbMigrate -- Migrating schema "public" to version "2 - auth schema"
14:13:50.531 [main] INFO org.flywaydb.core.internal.command.DbMigrate -- Migrating schema "public" to version "3 - multi tenant user fk"
14:13:50.549 [main] INFO org.flywaydb.core.internal.command.DbMigrate -- Migrating schema "public" to version "4 - indexes and constraints"
14:13:50.559 [main] INFO org.flywaydb.core.internal.command.DbMigrate -- Migrating schema "public" to version "5 - seed assets and exchanges"
14:13:50.565 [main] INFO org.flywaydb.core.internal.command.DbMigrate -- Successfully applied 5 migrations to schema "public", now at version v5 (execution time 00:00.056s)
14:13:50.679 [pg_ctl:pid(513734)] INFO io.zonky.test.db.postgres.embedded.EmbeddedPostgres -- waiting for server to shut down.... done
14:13:50.679 [pg_ctl:pid(513734)] INFO io.zonky.test.db.postgres.embedded.EmbeddedPostgres -- server stopped
14:13:50.680 [main] INFO io.zonky.test.db.postgres.embedded.EmbeddedPostgres -- f95ed62e-0595-4d48-a058-8f4871e3c83c shut down postmaster in 00:00:00.103
]]></system-out>
  </testcase>
</testsuite>